[02May2021 14:04:16.651] [main/INFO] [cpw.mods.modlauncher.Launcher/MODLAUNCHER]: ModLauncher running: args [--gameDir, ., --launchTarget, fmlserver, --fml.forgeVersion, 36.1.0, --fml.mcpVersion, 20210115.111550, --fml.mcVersion, 1.16.5, --fml.forgeGroup, net.minecraftforge]
[02May2021 14:04:16.653] [main/INFO] [cpw.mods.modlauncher.Launcher/MODLAUNCHER]: ModLauncher 8.0.9+86+master.3cf110c starting: java version 1.8.0_282 by Oracle Corporation
[02May2021 14:04:16.814] [main/INFO] [net.minecraftforge.fml.loading.FixSSL/CORE]: Added Lets Encrypt root certificates as additional trust
[02May2021 14:04:16.846] [main/INFO] [mixin/]: SpongePowered MIXIN Subsystem Version=0.8.2 Source=file:/home/container/libraries/org/spongepowered/mixin/0.8.2/mixin-0.8.2.jar Service=ModLauncher Env=SERVER
[02May2021 14:04:17.986] [main/INFO] [cpw.mods.modlauncher.LaunchServiceHandler/MODLAUNCHER]: Launching target 'fmlserver' with arguments [--gameDir, .]
[02May2021 14:04:22.574] [main/FATAL] [net.minecraftforge.fml.ModLoader/CORE]: Error during pre-loading phase
net.minecraftforge.fml.ModLoadingException: Mod §euteamcore§r requires §6forge§r §o36.1.12 or above§r
§7Currently, §6forge§r§7 is §o36.1.0
	at net.minecraftforge.fml.ModLoadingException.lambda$fromEarlyException$0(ModLoadingException.java:64) ~[forge:?]
	at java.util.stream.ReferencePipeline$3$1.accept(ReferencePipeline.java:193) ~[?:1.8.0_282]
	at java.util.ArrayList$ArrayListSpliterator.forEachRemaining(ArrayList.java:1384) ~[?:1.8.0_282]
	at java.util.stream.AbstractPipeline.copyInto(AbstractPipeline.java:482) ~[?:1.8.0_282]
	at java.util.stream.AbstractPipeline.wrapAndCopyInto(AbstractPipeline.java:472) ~[?:1.8.0_282]
	at java.util.stream.ForEachOps$ForEachOp.evaluateSequential(ForEachOps.java:150) ~[?:1.8.0_282]
	at java.util.stream.ForEachOps$ForEachOp$OfRef.evaluateSequential(ForEachOps.java:173) ~[?:1.8.0_282]
	at java.util.stream.AbstractPipeline.evaluate(AbstractPipeline.java:234) ~[?:1.8.0_282]
	at java.util.stream.ReferencePipeline.forEach(ReferencePipeline.java:485) ~[?:1.8.0_282]
	at java.util.stream.ReferencePipeline$7$1.accept(ReferencePipeline.java:272) ~[?:1.8.0_282]
	at java.util.ArrayList$ArrayListSpliterator.forEachRemaining(ArrayList.java:1384) ~[?:1.8.0_282]
	at java.util.stream.AbstractPipeline.copyInto(AbstractPipeline.java:482) ~[?:1.8.0_282]
	at java.util.stream.AbstractPipeline.wrapAndCopyInto(AbstractPipeline.java:472) ~[?:1.8.0_282]
	at java.util.stream.ReduceOps$ReduceOp.evaluateSequential(ReduceOps.java:708) ~[?:1.8.0_282]
	at java.util.stream.AbstractPipeline.evaluate(AbstractPipeline.java:234) ~[?:1.8.0_282]
	at java.util.stream.ReferencePipeline.collect(ReferencePipeline.java:566) ~[?:1.8.0_282]
	at net.minecraftforge.fml.ModLoader.<init>(ModLoader.java:114) ~[forge:?]
	at net.minecraftforge.fml.ModLoader.get(ModLoader.java:148) ~[forge:?]
	at net.minecraftforge.fml.server.ServerModLoader.load(ServerModLoader.java:44) ~[forge:?]
	at net.minecraft.server.Main.main(Main.java:95) ~[?:?]
	at sun.reflect.NativeMethodAccessorImpl.invoke0(Native Method) ~[?:1.8.0_282]
	at sun.reflect.NativeMethodAccessorImpl.invoke(NativeMethodAccessorImpl.java:62) ~[?:1.8.0_282]
	at sun.reflect.DelegatingMethodAccessorImpl.invoke(DelegatingMethodAccessorImpl.java:43) ~[?:1.8.0_282]
	at java.lang.reflect.Method.invoke(Method.java:498) ~[?:1.8.0_282]
	at net.minecraftforge.fml.loading.FMLServerLaunchProvider.lambda$launchService$0(FMLServerLaunchProvider.java:51) ~[forge-1.16.5-36.1.0.jar:36.1]
	at cpw.mods.modlauncher.LaunchServiceHandlerDecorator.launch(LaunchServiceHandlerDecorator.java:37) [modlauncher-8.0.9.jar:?]
	at cpw.mods.modlauncher.LaunchServiceHandler.launch(LaunchServiceHandler.java:54) [modlauncher-8.0.9.jar:?]
	at cpw.mods.modlauncher.LaunchServiceHandler.launch(LaunchServiceHandler.java:72) [modlauncher-8.0.9.jar:?]
	at cpw.mods.modlauncher.Launcher.run(Launcher.java:82) [modlauncher-8.0.9.jar:?]
	at cpw.mods.modlauncher.Launcher.main(Launcher.java:66) [modlauncher-8.0.9.jar:?]
	at net.minecraftforge.server.ServerMain$Runner.runLauncher(ServerMain.java:63) [forge-1.16.5-36.1.0.jar:?]
	at net.minecraftforge.server.ServerMain$Runner.access$100(ServerMain.java:60) [forge-1.16.5-36.1.0.jar:?]
	at net.minecraftforge.server.ServerMain.main(ServerMain.java:57) [forge-1.16.5-36.1.0.jar:?]
[02May2021 14:04:22.632] [main/INFO] [STDOUT/]: [net.minecraft.crash.CrashReport:func_85057_a:196]: Negative index in crash report handler (16/18)
[02May2021 14:04:22.639] [main/FATAL] [net.minecraftforge.fml.server.ServerModLoader/]: Crash report saved to ./crash-reports/crash-2021-05-02_14.04.22-fml.txt
[02May2021 14:04:22.641] [main/FATAL] [net.minecraft.server.Main/]: Failed to start the minecraft server
net.minecraftforge.fml.LoadingFailedException: Loading errors encountered: [
	Mod §euteamcore§r requires §6forge§r §o36.1.12 or above§r
§7Currently, §6forge§r§7 is §o36.1.0,
	Mod §eusefulbackpacks§r requires §6forge§r §o36.1.12 or above§r
§7Currently, §6forge§r§7 is §o36.1.0
]
	at net.minecraftforge.fml.ModLoader.gatherAndInitializeMods(ModLoader.java:172) ~[forge:?]
	at net.minecraftforge.fml.server.ServerModLoader.load(ServerModLoader.java:44) ~[forge:?]
	at net.minecraft.server.Main.main(Main.java:95) ~[?:?]
	at sun.reflect.NativeMethodAccessorImpl.invoke0(Native Method) ~[?:1.8.0_282]
	at sun.reflect.NativeMethodAccessorImpl.invoke(NativeMethodAccessorImpl.java:62) ~[?:1.8.0_282]
	at sun.reflect.DelegatingMethodAccessorImpl.invoke(DelegatingMethodAccessorImpl.java:43) ~[?:1.8.0_282]
	at java.lang.reflect.Method.invoke(Method.java:498) ~[?:1.8.0_282]
	at net.minecraftforge.fml.loading.FMLServerLaunchProvider.lambda$launchService$0(FMLServerLaunchProvider.java:51) ~[forge-1.16.5-36.1.0.jar:36.1]
	at cpw.mods.modlauncher.LaunchServiceHandlerDecorator.launch(LaunchServiceHandlerDecorator.java:37) [modlauncher-8.0.9.jar:?]
	at cpw.mods.modlauncher.LaunchServiceHandler.launch(LaunchServiceHandler.java:54) [modlauncher-8.0.9.jar:?]
	at cpw.mods.modlauncher.LaunchServiceHandler.launch(LaunchServiceHandler.java:72) [modlauncher-8.0.9.jar:?]
	at cpw.mods.modlauncher.Launcher.run(Launcher.java:82) [modlauncher-8.0.9.jar:?]
	at cpw.mods.modlauncher.Launcher.main(Launcher.java:66) [modlauncher-8.0.9.jar:?]
	at net.minecraftforge.server.ServerMain$Runner.runLauncher(ServerMain.java:63) [forge-1.16.5-36.1.0.jar:?]
	at net.minecraftforge.server.ServerMain$Runner.access$100(ServerMain.java:60) [forge-1.16.5-36.1.0.jar:?]
	at net.minecraftforge.server.ServerMain.main(ServerMain.java:57) [forge-1.16.5-36.1.0.jar:?]
